<?xml version="1.0" encoding="UTF-8"?>
<!-- Generated by org.testng.reporters.JUnitXMLReporter -->
<testsuite ignored="0" hostname="DESKTOP-M8TP4VD" failures="1" tests="1" name="Test" time="0.127" errors="0" timestamp="2024-11-14T12:45:18 IST">
  <testcase classname="Tests.LoginTest" name="Welcome_Onboard" time="0.046">
    <failure type="java.lang.NullPointerException" message="Cannot invoke &amp;quot;org.openqa.selenium.WebElement.isDisplayed()&amp;quot; because &amp;quot;this.logo&amp;quot; is null">
      <![CDATA[java.lang.NullPointerException: Cannot invoke "org.openqa.selenium.WebElement.isDisplayed()" because "this.logo" is null
at Pages.LandingPage.LogoDisplayed(LandingPage.java:39)
at Tests.LoginTest.Welcome_Onboard(LoginTest.java:15)
at java.base/java.util.ArrayList.forEach(ArrayList.java:1597)
... Removed 25 stack frames]]>
    </failure>
  </testcase> <!-- Welcome_Onboard -->
</testsuite> <!-- Test -->
